<?xml version="1.0" encoding="UTF-8"?>
<!-- Generated by org.testng.reporters.JUnitReportReporter -->
<testsuite skipped="1" hostname="DESKTOP-2MDJGKN" name="Tests.CheckTShirtLink" tests="1" failures="0" timestamp="21 Apr 2020 12:57:15 GMT" time="0.068" errors="0">
  <testcase name="execute" time="0.068" classname="Tests.CheckTShirtLink">
    <skipped/>
  </testcase> <!-- execute -->
</testsuite> <!-- Tests.CheckTShirtLink -->
