<?xml version="1.0" encoding="UTF-8"?>
<!-- Generated by org.testng.reporters.JUnitReportReporter -->
<testsuite skipped="0" hostname="DESKTOP-2MDJGKN" name="Tests.CheckSignIn" tests="1" failures="0" timestamp="22 Apr 2020 13:38:59 GMT" time="19.969" errors="0">
  <testcase name="execute" time="19.969" classname="Tests.CheckSignIn"/>
</testsuite> <!-- Tests.CheckSignIn -->
