<?xml version="1.0" encoding="UTF-8"?>
<!-- Generated by org.testng.reporters.JUnitReportReporter -->
<testsuite skipped="0" hostname="DESKTOP-2MDJGKN" name="Tests.SearchItemTest" tests="1" failures="0" timestamp="21 Apr 2020 12:57:15 GMT" time="24.163" errors="0">
  <testcase name="execute" time="24.163" classname="Tests.SearchItemTest"/>
</testsuite> <!-- Tests.SearchItemTest -->
