<?xml version="1.0" encoding="UTF-8"?>
<!-- Generated by org.testng.reporters.JUnitReportReporter -->
<testsuite hostname="DESKTOP-2MDJGKN" name="Tests.CheckSignIn" tests="1" failures="0" timestamp="21 Apr 2020 12:55:08 GMT" time="21.021" errors="0">
  <testcase name="execute" time="21.021" classname="Tests.CheckSignIn"/>
</testsuite> <!-- Tests.CheckSignIn -->
