<?xml version="1.0" encoding="UTF-8"?>
<!-- Generated by org.testng.reporters.JUnitReportReporter -->
<testsuite hostname="DESKTOP-2MDJGKN" name="Tests.MenFashionPageTest" tests="1" failures="0" timestamp="21 Apr 2020 12:55:08 GMT" time="9.272" errors="0">
  <testcase name="execute" time="9.272" classname="Tests.MenFashionPageTest"/>
</testsuite> <!-- Tests.MenFashionPageTest -->
