<?xml version="1.0" encoding="UTF-8"?>
<!-- Generated by org.testng.reporters.JUnitReportReporter -->
<testsuite hostname="DESKTOP-2MDJGKN" name="Tests.MobilePageTest" tests="1" failures="0" timestamp="19 Dec 2020 04:14:50 GMT" time="13.369" errors="0">
  <testcase name="execute" time="13.369" classname="Tests.MobilePageTest"/>
</testsuite> <!-- Tests.MobilePageTest -->
