<?xml version="1.0" encoding="UTF-8"?>
<!-- Generated by org.testng.reporters.JUnitReportReporter -->
<testsuite hostname="DESKTOP-2MDJGKN" name="Tests.SearchItemTest" tests="1" failures="0" timestamp="21 Apr 2020 12:55:08 GMT" time="25.337" errors="0">
  <testcase name="execute" time="25.337" classname="Tests.SearchItemTest"/>
</testsuite> <!-- Tests.SearchItemTest -->
