<?xml version="1.0" encoding="UTF-8"?>
<!-- Generated by org.testng.reporters.JUnitReportReporter -->
<testsuite hostname="DESKTOP-2MDJGKN" name="Tests.SearchItemTest" tests="1" failures="0" timestamp="19 Dec 2020 04:14:50 GMT" time="24.809" errors="0">
  <testcase name="execute" time="24.809" classname="Tests.SearchItemTest"/>
</testsuite> <!-- Tests.SearchItemTest -->
